[2020-10-10T11:00:19.725] [DEBUG] cheese - login => username:123,password:123456
[2020-10-10T11:00:19.728] [DEBUG] cheese - 123
[2020-10-10T11:00:19.742] [DEBUG] cheese - null
[2020-10-10T11:00:19.743] [DEBUG] cheese - null
[2020-10-10T13:40:38.325] [DEBUG] cheese - login => username:admin,password:12345
[2020-10-10T13:40:38.326] [DEBUG] cheese - admin
[2020-10-10T13:40:38.346] [DEBUG] cheese - null
[2020-10-10T13:40:38.346] [DEBUG] cheese - null
[2020-10-10T13:40:42.803] [DEBUG] cheese - login => username:admin,password:123456
[2020-10-10T13:40:42.804] [DEBUG] cheese - admin
[2020-10-10T13:40:42.807] [DEBUG] cheese - null
[2020-10-10T13:40:42.807] [DEBUG] cheese - null
[2020-10-10T15:29:39.597] [DEBUG] cheese - login => username:admin,password:123456
[2020-10-10T15:29:39.599] [DEBUG] cheese - admin
[2020-10-10T15:29:39.615] [DEBUG] cheese - null
[2020-10-10T15:29:39.615] [DEBUG] cheese - null
[2020-10-10T15:29:44.122] [DEBUG] cheese - login => username:admin,password:1234
[2020-10-10T15:29:44.122] [DEBUG] cheese - admin
[2020-10-10T15:29:44.128] [DEBUG] cheese - null
[2020-10-10T15:29:44.128] [DEBUG] cheese - null
[2020-10-10T15:35:39.675] [DEBUG] cheese - login => username:admin,password:123456
[2020-10-10T15:35:39.675] [DEBUG] cheese - admin
[2020-10-10T15:35:39.678] [DEBUG] cheese - null
[2020-10-10T15:35:39.678] [DEBUG] cheese - null
[2020-10-10T15:37:23.821] [DEBUG] cheese - login => username:admin,password:123456
[2020-10-10T15:37:23.821] [DEBUG] cheese - admin
[2020-10-10T15:37:23.824] [DEBUG] cheese - null
[2020-10-10T15:37:23.824] [DEBUG] cheese - null
[2020-10-10T20:18:16.895] [DEBUG] cheese - login => username:admin,password:123456
[2020-10-10T20:18:16.897] [DEBUG] cheese - admin
[2020-10-10T20:18:16.925] [DEBUG] cheese - null
[2020-10-10T20:18:16.926] [DEBUG] cheese - null
[2020-10-10T20:23:00.985] [DEBUG] cheese - login => username:admin,password:123456
[2020-10-10T20:23:00.985] [DEBUG] cheese - admin
[2020-10-10T20:23:00.996] [DEBUG] cheese - null
[2020-10-10T20:23:00.997] [DEBUG] cheese - null
[2020-10-11T15:50:44.627] [DEBUG] cheese - login => username:admin,password:123456
[2020-10-11T15:50:44.630] [DEBUG] cheese - admin
[2020-10-11T15:50:44.668] [DEBUG] cheese - null
[2020-10-11T15:50:44.668] [DEBUG] cheese - null
[2020-10-11T15:50:50.135] [DEBUG] cheese - login => username:admin,password:7777
[2020-10-11T15:50:50.135] [DEBUG] cheese - admin
[2020-10-11T15:50:50.143] [DEBUG] cheese - null
[2020-10-11T15:50:50.143] [DEBUG] cheese - null
[2020-10-11T15:51:08.341] [DEBUG] cheese - login => username:admi,password:7777
[2020-10-11T15:51:08.341] [DEBUG] cheese - admi
[2020-10-11T15:51:08.347] [DEBUG] cheese - null
[2020-10-11T15:51:08.347] [DEBUG] cheese - null
[2020-10-11T15:53:31.823] [DEBUG] cheese - login => username:admin,password:12345
[2020-10-11T15:53:31.824] [DEBUG] cheese - admin
[2020-10-11T15:53:31.831] [DEBUG] cheese - null
[2020-10-11T15:53:31.831] [DEBUG] cheese - null
[2020-10-11T15:53:44.962] [DEBUG] cheese - login => username:admin,password:12345
[2020-10-11T15:53:44.963] [DEBUG] cheese - admin
[2020-10-11T15:53:44.969] [DEBUG] cheese - null
[2020-10-11T15:53:44.969] [DEBUG] cheese - null
[2020-10-11T15:53:57.323] [DEBUG] cheese - login => username:admin1,password:12345
[2020-10-11T15:53:57.323] [DEBUG] cheese - admin1
[2020-10-11T15:53:57.325] [DEBUG] cheese - null
[2020-10-11T15:53:57.325] [DEBUG] cheese - null
[2020-10-11T16:06:03.921] [DEBUG] cheese - login => username:213,password:123
[2020-10-11T16:06:03.922] [DEBUG] cheese - 213
[2020-10-11T16:06:03.927] [DEBUG] cheese - null
[2020-10-11T16:06:03.927] [DEBUG] cheese - null
[2020-10-11T16:06:06.212] [DEBUG] cheese - login => username:213,password:123
[2020-10-11T16:06:06.212] [DEBUG] cheese - 213
[2020-10-11T16:06:06.216] [DEBUG] cheese - null
[2020-10-11T16:06:06.217] [DEBUG] cheese - null
[2020-10-11T16:06:09.567] [DEBUG] cheese - login => username:213,password:123aaa
[2020-10-11T16:06:09.569] [DEBUG] cheese - 213
[2020-10-11T16:06:09.575] [DEBUG] cheese - null
[2020-10-11T16:06:09.575] [DEBUG] cheese - null
[2020-10-11T16:06:15.761] [DEBUG] cheese - login => username:admin,password:12345
[2020-10-11T16:06:15.761] [DEBUG] cheese - admin
[2020-10-11T16:06:15.768] [DEBUG] cheese - null
[2020-10-11T16:06:15.769] [DEBUG] cheese - null
[2020-10-11T16:06:19.208] [DEBUG] cheese - login => username:admin,password:123456
[2020-10-11T16:06:19.209] [DEBUG] cheese - admin
[2020-10-11T16:06:19.213] [DEBUG] cheese - null
[2020-10-11T16:06:19.214] [DEBUG] cheese - null
[2020-10-11T16:07:42.593] [DEBUG] cheese - login => username:admin,password:12345
[2020-10-11T16:07:42.593] [DEBUG] cheese - admin
[2020-10-11T16:07:42.597] [DEBUG] cheese - null
[2020-10-11T16:07:42.598] [DEBUG] cheese - null
[2020-10-11T16:07:45.493] [DEBUG] cheese - login => username:admin,password:123456
[2020-10-11T16:07:45.493] [DEBUG] cheese - admin
[2020-10-11T16:07:45.500] [DEBUG] cheese - null
[2020-10-11T16:07:45.500] [DEBUG] cheese - null
[2020-10-11T16:08:51.841] [DEBUG] cheese - login => username:admin,password:123
[2020-10-11T16:08:51.841] [DEBUG] cheese - admin
[2020-10-11T16:08:51.843] [DEBUG] cheese - null
[2020-10-11T16:08:51.844] [DEBUG] cheese - null
[2020-10-11T16:08:54.926] [DEBUG] cheese - login => username:admin,password:12356
[2020-10-11T16:08:54.926] [DEBUG] cheese - admin
[2020-10-11T16:08:54.931] [DEBUG] cheese - null
[2020-10-11T16:08:54.931] [DEBUG] cheese - null
[2020-10-11T16:08:59.399] [DEBUG] cheese - login => username:admin,password:123456
[2020-10-11T16:08:59.400] [DEBUG] cheese - admin
[2020-10-11T16:08:59.406] [DEBUG] cheese - null
[2020-10-11T16:08:59.406] [DEBUG] cheese - null
[2020-10-11T16:22:37.171] [DEBUG] cheese - login => username:admin,password:12345
[2020-10-11T16:22:37.171] [DEBUG] cheese - admin
[2020-10-11T16:22:37.180] [DEBUG] cheese - null
[2020-10-11T16:22:37.181] [DEBUG] cheese - null
[2020-10-11T17:48:42.114] [DEBUG] cheese - login => username:admin,password:123456
[2020-10-11T17:48:42.115] [DEBUG] cheese - admin
[2020-10-11T17:48:42.127] [DEBUG] cheese - null
[2020-10-11T17:48:42.127] [DEBUG] cheese - null
[2020-10-11T17:59:36.940] [DEBUG] cheese - login => username:admin,password:123456
[2020-10-11T17:59:36.940] [DEBUG] cheese - admin
[2020-10-11T17:59:36.952] [DEBUG] cheese - null
[2020-10-11T17:59:36.952] [DEBUG] cheese - null
[2020-10-11T18:03:29.387] [DEBUG] cheese - login => username:admin,password:12345
[2020-10-11T18:03:29.388] [DEBUG] cheese - admin
[2020-10-11T18:03:29.395] [DEBUG] cheese - null
[2020-10-11T18:03:29.395] [DEBUG] cheese - null
[2020-10-11T18:03:32.346] [DEBUG] cheese - login => username:admin,password:123456
[2020-10-11T18:03:32.347] [DEBUG] cheese - admin
[2020-10-11T18:03:32.349] [DEBUG] cheese - null
[2020-10-11T18:03:32.349] [DEBUG] cheese - null
[2020-10-11T18:17:21.346] [DEBUG] cheese - login => username:admin,password:123456
[2020-10-11T18:17:21.346] [DEBUG] cheese - admin
[2020-10-11T18:17:21.353] [DEBUG] cheese - null
[2020-10-11T18:17:21.354] [DEBUG] cheese - null
[2020-10-11T18:27:49.273] [DEBUG] cheese - login => username:admin,password:123456
[2020-10-11T18:27:49.273] [DEBUG] cheese - admin
[2020-10-11T18:27:49.284] [DEBUG] cheese - null
[2020-10-11T18:27:49.284] [DEBUG] cheese - null
[2020-10-11T18:28:07.811] [DEBUG] cheese - login => username:admin,password:123456
[2020-10-11T18:28:07.811] [DEBUG] cheese - admin
[2020-10-11T18:28:07.817] [DEBUG] cheese - null
[2020-10-11T18:28:07.818] [DEBUG] cheese - null
[2020-10-11T18:28:41.093] [DEBUG] cheese - login => username:admin,password:123456
[2020-10-11T18:28:41.093] [DEBUG] cheese - admin
[2020-10-11T18:28:41.101] [DEBUG] cheese - null
[2020-10-11T18:28:41.102] [DEBUG] cheese - null
[2020-10-12T08:57:37.947] [DEBUG] cheese - login => username:admin,password:123456
[2020-10-12T08:57:37.951] [DEBUG] cheese - admin
[2020-10-12T08:57:37.995] [DEBUG] cheese - null
[2020-10-12T08:57:37.996] [DEBUG] cheese - null
[2020-10-12T09:43:19.871] [DEBUG] cheese - login => username:admin,password:123456
[2020-10-12T09:43:19.872] [DEBUG] cheese - admin
[2020-10-12T09:43:19.898] [DEBUG] cheese - null
[2020-10-12T09:43:19.898] [DEBUG] cheese - null
[2020-10-12T11:08:50.017] [DEBUG] cheese - login => username:admin,password:123456
[2020-10-12T11:08:50.019] [DEBUG] cheese - admin
[2020-10-12T11:08:50.047] [DEBUG] cheese - null
[2020-10-12T11:08:50.048] [DEBUG] cheese - null
[2020-10-12T11:09:31.632] [DEBUG] cheese - login => username:admin,password:123456
[2020-10-12T11:09:31.632] [DEBUG] cheese - admin
[2020-10-12T11:09:31.634] [DEBUG] cheese - null
[2020-10-12T11:09:31.634] [DEBUG] cheese - null
[2020-10-12T11:09:34.407] [DEBUG] cheese - login => username:admin,password:123456
[2020-10-12T11:09:34.408] [DEBUG] cheese - admin
[2020-10-12T11:09:34.417] [DEBUG] cheese - null
[2020-10-12T11:09:34.417] [DEBUG] cheese - null
[2020-10-12T11:10:23.193] [DEBUG] cheese - login => username:admin,password:123456
[2020-10-12T11:10:23.193] [DEBUG] cheese - admin
[2020-10-12T11:10:23.205] [DEBUG] cheese - null
[2020-10-12T11:10:23.206] [DEBUG] cheese - null
[2020-10-12T11:10:27.157] [DEBUG] cheese - login => username:admin,password:123456
[2020-10-12T11:10:27.157] [DEBUG] cheese - admin
[2020-10-12T11:10:27.174] [DEBUG] cheese - null
[2020-10-12T11:10:27.174] [DEBUG] cheese - null
[2020-10-12T11:11:34.511] [DEBUG] cheese - login => username:admin,password:123456
[2020-10-12T11:11:34.512] [DEBUG] cheese - admin
[2020-10-12T11:11:34.518] [DEBUG] cheese - null
[2020-10-12T11:11:34.518] [DEBUG] cheese - null
[2020-10-12T11:11:47.775] [DEBUG] cheese - login => username:admin,password:123456
[2020-10-12T11:11:47.775] [DEBUG] cheese - admin
[2020-10-12T11:11:47.782] [DEBUG] cheese - null
[2020-10-12T11:11:47.782] [DEBUG] cheese - null
[2020-10-12T11:11:59.000] [DEBUG] cheese - login => username:admin,password:123456
[2020-10-12T11:11:59.000] [DEBUG] cheese - admin
[2020-10-12T11:11:59.007] [DEBUG] cheese - null
[2020-10-12T11:11:59.007] [DEBUG] cheese - null
[2020-10-12T11:15:10.311] [DEBUG] cheese - login => username:admin,password:123456
[2020-10-12T11:15:10.322] [DEBUG] cheese - admin
[2020-10-12T11:15:10.328] [DEBUG] cheese - null
[2020-10-12T11:15:10.329] [DEBUG] cheese - null
[2020-10-12T11:25:58.937] [DEBUG] cheese - login => username:admin,password:123456
[2020-10-12T11:25:58.937] [DEBUG] cheese - admin
[2020-10-12T11:25:58.943] [DEBUG] cheese - null
[2020-10-12T11:25:58.944] [DEBUG] cheese - null
[2020-10-12T11:29:36.447] [DEBUG] cheese - login => username:admin,password:123456
[2020-10-12T11:29:36.447] [DEBUG] cheese - admin
[2020-10-12T11:29:36.462] [DEBUG] cheese - null
[2020-10-12T11:29:36.462] [DEBUG] cheese - null
[2020-10-12T11:30:51.107] [DEBUG] cheese - login => username:admin,password:123456
[2020-10-12T11:30:51.108] [DEBUG] cheese - admin
[2020-10-12T11:30:51.113] [DEBUG] cheese - null
[2020-10-12T11:30:51.114] [DEBUG] cheese - null
[2020-10-12T11:32:54.631] [DEBUG] cheese - login => username:admin,password:123456
[2020-10-12T11:32:54.632] [DEBUG] cheese - admin
[2020-10-12T11:32:54.637] [DEBUG] cheese - null
[2020-10-12T11:32:54.637] [DEBUG] cheese - null
[2020-10-12T11:33:20.495] [DEBUG] cheese - login => username:admin,password:123456
[2020-10-12T11:33:20.495] [DEBUG] cheese - admin
[2020-10-12T11:33:20.497] [DEBUG] cheese - null
[2020-10-12T11:33:20.498] [DEBUG] cheese - null
[2020-10-12T14:58:53.997] [DEBUG] cheese - login => username:admin,password:123456
[2020-10-12T14:58:54.000] [DEBUG] cheese - admin
[2020-10-12T14:58:54.018] [DEBUG] cheese - null
[2020-10-12T14:58:54.018] [DEBUG] cheese - null
[2020-10-12T14:59:21.353] [DEBUG] cheese - login => username:admin,password:123456
[2020-10-12T14:59:21.353] [DEBUG] cheese - admin
[2020-10-12T14:59:21.358] [DEBUG] cheese - null
[2020-10-12T14:59:21.358] [DEBUG] cheese - null
[2020-10-12T17:53:29.613] [DEBUG] cheese - login => username:admin,password:123456
[2020-10-12T17:53:29.615] [DEBUG] cheese - admin
[2020-10-12T17:53:29.643] [DEBUG] cheese - null
[2020-10-12T17:53:29.643] [DEBUG] cheese - null
[2020-10-12T18:02:32.547] [DEBUG] cheese - login => username:admin,password:123456
[2020-10-12T18:02:32.547] [DEBUG] cheese - admin
[2020-10-12T18:02:32.549] [DEBUG] cheese - null
[2020-10-12T18:02:32.549] [DEBUG] cheese - null
[2020-10-12T18:09:52.667] [DEBUG] cheese - login => username:admin,password:123456
[2020-10-12T18:09:52.667] [DEBUG] cheese - admin
[2020-10-12T18:09:52.670] [DEBUG] cheese - null
[2020-10-12T18:09:52.670] [DEBUG] cheese - null
[2020-10-12T18:45:42.538] [DEBUG] cheese - login => username:admin,password:123456
[2020-10-12T18:45:42.539] [DEBUG] cheese - admin
[2020-10-12T18:45:42.545] [DEBUG] cheese - null
[2020-10-12T18:45:42.545] [DEBUG] cheese - null
[2020-10-13T08:17:14.861] [DEBUG] cheese - login => username:admin,password:123456
[2020-10-13T08:17:14.901] [DEBUG] cheese - admin
[2020-10-13T08:17:14.990] [DEBUG] cheese - null
[2020-10-13T08:17:14.991] [DEBUG] cheese - null
[2020-10-13T08:31:59.274] [DEBUG] cheese - login => username:admin,password:123456
[2020-10-13T08:31:59.274] [DEBUG] cheese - admin
[2020-10-13T08:31:59.328] [DEBUG] cheese - null
[2020-10-13T08:31:59.328] [DEBUG] cheese - null
[2020-10-13T08:48:36.076] [DEBUG] cheese - login => username:admin,password:123456
[2020-10-13T08:48:36.077] [DEBUG] cheese - admin
[2020-10-13T08:48:36.084] [DEBUG] cheese - null
[2020-10-13T08:48:36.084] [DEBUG] cheese - null
[2020-10-13T09:08:20.212] [DEBUG] cheese - login => username:admin,password:123456
[2020-10-13T09:08:20.212] [DEBUG] cheese - admin
[2020-10-13T09:08:20.219] [DEBUG] cheese - null
[2020-10-13T09:08:20.219] [DEBUG] cheese - null
[2020-10-13T10:41:16.736] [DEBUG] cheese - login => username:admin,password:123456
[2020-10-13T10:41:16.739] [DEBUG] cheese - admin
[2020-10-13T10:41:16.753] [DEBUG] cheese - null
[2020-10-13T10:41:16.754] [DEBUG] cheese - null
[2020-10-13T10:43:39.397] [DEBUG] cheese - login => username:admin,password:123456
[2020-10-13T10:43:39.397] [DEBUG] cheese - admin
[2020-10-13T10:43:39.400] [DEBUG] cheese - null
[2020-10-13T10:43:39.400] [DEBUG] cheese - null
[2020-10-13T10:45:12.306] [DEBUG] cheese - login => username:admin,password:123456
[2020-10-13T10:45:12.306] [DEBUG] cheese - admin
[2020-10-13T10:45:12.314] [DEBUG] cheese - null
[2020-10-13T10:45:12.314] [DEBUG] cheese - null
[2020-10-13T10:54:14.959] [DEBUG] cheese - login => username:admin,password:123456
[2020-10-13T10:54:14.959] [DEBUG] cheese - admin
[2020-10-13T10:54:14.968] [DEBUG] cheese - null
[2020-10-13T10:54:14.968] [DEBUG] cheese - null
[2020-10-13T12:28:55.974] [DEBUG] cheese - login => username:admin,password:123456
[2020-10-13T12:28:55.974] [DEBUG] cheese - admin
[2020-10-13T12:28:55.980] [DEBUG] cheese - null
[2020-10-13T12:28:55.980] [DEBUG] cheese - null
[2020-10-13T12:37:46.798] [DEBUG] cheese - login => username:admin,password:123456
[2020-10-13T12:37:46.798] [DEBUG] cheese - admin
[2020-10-13T12:37:46.800] [DEBUG] cheese - null
[2020-10-13T12:37:46.800] [DEBUG] cheese - null
[2020-10-13T14:58:54.821] [DEBUG] cheese - login => username:admin,password:123456
[2020-10-13T14:58:54.822] [DEBUG] cheese - admin
[2020-10-13T14:58:54.830] [DEBUG] cheese - null
[2020-10-13T14:58:54.830] [DEBUG] cheese - null
[2020-10-13T15:02:50.648] [DEBUG] cheese - login => username:admin,password:123456
[2020-10-13T15:02:50.648] [DEBUG] cheese - admin
[2020-10-13T15:02:50.651] [DEBUG] cheese - null
[2020-10-13T15:02:50.652] [DEBUG] cheese - null
[2020-10-13T15:28:30.680] [DEBUG] cheese - login => username:admin,password:123456
[2020-10-13T15:28:30.680] [DEBUG] cheese - admin
[2020-10-13T15:28:30.683] [DEBUG] cheese - null
[2020-10-13T15:28:30.683] [DEBUG] cheese - null
[2020-10-13T15:53:04.929] [DEBUG] cheese - login => username:admin,password:123456
[2020-10-13T15:53:04.929] [DEBUG] cheese - admin
[2020-10-13T15:53:04.931] [DEBUG] cheese - null
[2020-10-13T15:53:04.931] [DEBUG] cheese - null
[2020-10-13T16:47:35.396] [DEBUG] cheese - login => username:admin,password:123456
[2020-10-13T16:47:35.397] [DEBUG] cheese - admin
[2020-10-13T16:47:35.402] [DEBUG] cheese - null
[2020-10-13T16:47:35.402] [DEBUG] cheese - null
[2020-10-13T17:29:05.723] [DEBUG] cheese - login => username:admin,password:123456
[2020-10-13T17:29:05.723] [DEBUG] cheese - admin
[2020-10-13T17:29:05.726] [DEBUG] cheese - null
[2020-10-13T17:29:05.726] [DEBUG] cheese - null
[2020-10-13T17:40:10.726] [DEBUG] cheese - login => username:admin,password:123456
[2020-10-13T17:40:10.726] [DEBUG] cheese - admin
[2020-10-13T17:40:10.735] [DEBUG] cheese - null
[2020-10-13T17:40:10.736] [DEBUG] cheese - null
[2020-10-13T17:41:15.692] [DEBUG] cheese - login => username:admin,password:123456
[2020-10-13T17:41:15.692] [DEBUG] cheese - admin
[2020-10-13T17:41:15.696] [DEBUG] cheese - null
[2020-10-13T17:41:15.696] [DEBUG] cheese - null
[2020-10-13T17:44:44.182] [DEBUG] cheese - login => username:admin,password:123456
[2020-10-13T17:44:44.182] [DEBUG] cheese - admin
[2020-10-13T17:44:44.185] [DEBUG] cheese - null
[2020-10-13T17:44:44.185] [DEBUG] cheese - null
[2020-10-13T17:55:09.191] [DEBUG] cheese - login => username:admin,password:123456
[2020-10-13T17:55:09.191] [DEBUG] cheese - admin
[2020-10-13T17:55:09.193] [DEBUG] cheese - null
[2020-10-13T17:55:09.193] [DEBUG] cheese - null
[2020-10-13T18:25:22.497] [DEBUG] cheese - login => username:admin,password:123456
[2020-10-13T18:25:22.497] [DEBUG] cheese - admin
[2020-10-13T18:25:22.500] [DEBUG] cheese - null
[2020-10-13T18:25:22.500] [DEBUG] cheese - null
[2020-10-13T18:27:06.566] [DEBUG] cheese - login => username:admin,password:123456
[2020-10-13T18:27:06.566] [DEBUG] cheese - admin
[2020-10-13T18:27:06.568] [DEBUG] cheese - null
[2020-10-13T18:27:06.568] [DEBUG] cheese - null
[2020-10-13T18:36:59.888] [DEBUG] cheese - login => username:admin,password:123456
[2020-10-13T18:36:59.888] [DEBUG] cheese - admin
[2020-10-13T18:36:59.890] [DEBUG] cheese - null
[2020-10-13T18:36:59.890] [DEBUG] cheese - null
[2020-10-14T10:47:36.249] [DEBUG] cheese - login => username:admin,password:123456
[2020-10-14T10:47:36.254] [DEBUG] cheese - admin
[2020-10-14T10:47:36.300] [DEBUG] cheese - null
[2020-10-14T10:47:36.303] [DEBUG] cheese - null
[2020-10-14T14:13:27.172] [DEBUG] cheese - login => username:admin,password:123456
[2020-10-14T14:13:27.179] [DEBUG] cheese - admin
[2020-10-14T14:13:27.233] [DEBUG] cheese - null
[2020-10-14T14:13:27.233] [DEBUG] cheese - null
[2020-10-14T15:48:40.463] [DEBUG] cheese - login => username:admin,password:123456
[2020-10-14T15:48:40.465] [DEBUG] cheese - admin
[2020-10-14T15:48:40.496] [DEBUG] cheese - null
[2020-10-14T15:48:40.497] [DEBUG] cheese - null
[2020-10-14T17:30:56.101] [DEBUG] cheese - login => username:admin,password:123456
[2020-10-14T17:30:56.103] [DEBUG] cheese - admin
[2020-10-14T17:30:56.118] [DEBUG] cheese - null
[2020-10-14T17:30:56.119] [DEBUG] cheese - null
[2020-10-15T10:29:00.133] [DEBUG] cheese - login => username:admin,password:123456
[2020-10-15T10:29:00.135] [DEBUG] cheese - admin
[2020-10-15T10:29:00.173] [DEBUG] cheese - null
[2020-10-15T10:29:00.173] [DEBUG] cheese - null
[2020-10-15T11:22:28.907] [DEBUG] cheese - login => username:admin,password:123456
[2020-10-15T11:22:28.909] [DEBUG] cheese - admin
[2020-10-15T11:22:28.940] [DEBUG] cheese - null
[2020-10-15T11:22:28.940] [DEBUG] cheese - null
[2020-10-15T12:13:10.944] [DEBUG] cheese - login => username:admin,password:123456
[2020-10-15T12:13:10.945] [DEBUG] cheese - admin
[2020-10-15T12:13:10.952] [DEBUG] cheese - null
[2020-10-15T12:13:10.952] [DEBUG] cheese - null
[2020-10-15T12:13:47.000] [DEBUG] cheese - login => username:heima,password:123456
[2020-10-15T12:13:47.001] [DEBUG] cheese - heima
[2020-10-15T12:13:47.008] [DEBUG] cheese - null
[2020-10-15T12:13:47.008] [DEBUG] cheese - null
[2020-10-15T12:13:53.025] [DEBUG] cheese - login => username:heima,password:123456
[2020-10-15T12:13:53.026] [DEBUG] cheese - heima
[2020-10-15T12:13:53.031] [DEBUG] cheese - null
[2020-10-15T12:13:53.031] [DEBUG] cheese - null
[2020-10-15T12:13:59.074] [DEBUG] cheese - login => username:admin,password:123456
[2020-10-15T12:13:59.075] [DEBUG] cheese - admin
[2020-10-15T12:13:59.077] [DEBUG] cheese - null
[2020-10-15T12:13:59.077] [DEBUG] cheese - null
[2020-10-15T12:27:32.230] [DEBUG] cheese - login => username:admin,password:123456
[2020-10-15T12:27:32.230] [DEBUG] cheese - admin
[2020-10-15T12:27:32.237] [DEBUG] cheese - null
[2020-10-15T12:27:32.237] [DEBUG] cheese - null
[2020-10-15T13:26:27.157] [DEBUG] cheese - login => username:admin,password:123456
[2020-10-15T13:26:27.159] [DEBUG] cheese - admin
[2020-10-15T13:26:27.168] [DEBUG] cheese - null
[2020-10-15T13:26:27.169] [DEBUG] cheese - null
[2020-10-15T13:55:29.597] [DEBUG] cheese - login => username:admin,password:123456
[2020-10-15T13:55:29.599] [DEBUG] cheese - admin
[2020-10-15T13:55:29.612] [DEBUG] cheese - null
[2020-10-15T13:55:29.614] [DEBUG] cheese - null
[2020-10-15T16:04:56.221] [DEBUG] cheese - login => username:admin,password:123456
[2020-10-15T16:04:56.267] [DEBUG] cheese - admin
[2020-10-15T16:04:56.418] [DEBUG] cheese - null
[2020-10-15T16:04:56.422] [DEBUG] cheese - null
[2020-10-17T08:51:33.151] [DEBUG] cheese - login => username:admin,password:123456
[2020-10-17T08:51:33.159] [DEBUG] cheese - admin
[2020-10-17T08:51:33.308] [DEBUG] cheese - null
[2020-10-17T08:51:33.311] [DEBUG] cheese - null
[2020-10-17T09:29:46.768] [DEBUG] cheese - login => username:admin,password:123456
[2020-10-17T09:29:46.769] [DEBUG] cheese - admin
[2020-10-17T09:29:46.776] [DEBUG] cheese - null
[2020-10-17T09:29:46.776] [DEBUG] cheese - null
[2020-10-17T09:36:57.112] [DEBUG] cheese - login => username:admin,password:123456
[2020-10-17T09:36:57.113] [DEBUG] cheese - admin
[2020-10-17T09:36:57.120] [DEBUG] cheese - null
[2020-10-17T09:36:57.120] [DEBUG] cheese - null
[2020-10-17T09:39:46.805] [DEBUG] cheese - login => username:admin,password:123456
[2020-10-17T09:39:46.805] [DEBUG] cheese - admin
[2020-10-17T09:39:46.811] [DEBUG] cheese - null
[2020-10-17T09:39:46.812] [DEBUG] cheese - null
[2020-10-17T09:42:03.069] [DEBUG] cheese - login => username:admin,password:123456
[2020-10-17T09:42:03.069] [DEBUG] cheese - admin
[2020-10-17T09:42:03.072] [DEBUG] cheese - null
[2020-10-17T09:42:03.072] [DEBUG] cheese - null
[2020-10-17T11:07:43.032] [DEBUG] cheese - login => username:admin,password:123456
[2020-10-17T11:07:43.033] [DEBUG] cheese - admin
[2020-10-17T11:07:43.042] [DEBUG] cheese - null
[2020-10-17T11:07:43.042] [DEBUG] cheese - null
[2020-10-17T11:22:51.623] [DEBUG] cheese - login => username:admin,password:123456
[2020-10-17T11:22:51.623] [DEBUG] cheese - admin
[2020-10-17T11:22:51.625] [DEBUG] cheese - null
[2020-10-17T11:22:51.625] [DEBUG] cheese - null
[2020-10-17T11:32:12.353] [DEBUG] cheese - login => username:admin,password:123456
[2020-10-17T11:32:12.354] [DEBUG] cheese - admin
[2020-10-17T11:32:12.366] [DEBUG] cheese - null
[2020-10-17T11:32:12.367] [DEBUG] cheese - null
[2020-10-17T11:35:00.610] [DEBUG] cheese - login => username:admin,password:123456
[2020-10-17T11:35:00.610] [DEBUG] cheese - admin
[2020-10-17T11:35:00.615] [DEBUG] cheese - null
[2020-10-17T11:35:00.615] [DEBUG] cheese - null
[2020-10-17T11:35:28.354] [DEBUG] cheese - login => username:admin,password:123456
[2020-10-17T11:35:28.355] [DEBUG] cheese - admin
[2020-10-17T11:35:28.357] [DEBUG] cheese - null
[2020-10-17T11:35:28.357] [DEBUG] cheese - null
[2020-10-17T11:59:36.147] [DEBUG] cheese - login => username:admin,password:123456
[2020-10-17T11:59:36.148] [DEBUG] cheese - admin
[2020-10-17T11:59:36.154] [DEBUG] cheese - null
[2020-10-17T11:59:36.154] [DEBUG] cheese - null
[2020-10-17T12:01:52.707] [DEBUG] cheese - login => username:admin,password:123456
[2020-10-17T12:01:52.707] [DEBUG] cheese - admin
[2020-10-17T12:01:52.709] [DEBUG] cheese - null
[2020-10-17T12:01:52.709] [DEBUG] cheese - null
[2020-10-17T12:12:52.152] [DEBUG] cheese - login => username:admin,password:123456
[2020-10-17T12:12:52.152] [DEBUG] cheese - admin
[2020-10-17T12:12:52.161] [DEBUG] cheese - null
[2020-10-17T12:12:52.161] [DEBUG] cheese - null
[2020-10-17T12:59:54.770] [DEBUG] cheese - login => username:admin,password:123456
[2020-10-17T12:59:54.773] [DEBUG] cheese - admin
[2020-10-17T12:59:54.789] [DEBUG] cheese - null
[2020-10-17T12:59:54.790] [DEBUG] cheese - null
[2020-10-17T14:15:23.024] [DEBUG] cheese - login => username:admin,password:123456
[2020-10-17T14:15:23.024] [DEBUG] cheese - admin
[2020-10-17T14:15:23.032] [DEBUG] cheese - null
[2020-10-17T14:15:23.033] [DEBUG] cheese - null
[2020-10-17T14:29:02.311] [DEBUG] cheese - login => username:admin,password:123456
[2020-10-17T14:29:02.312] [DEBUG] cheese - admin
[2020-10-17T14:29:02.319] [DEBUG] cheese - null
[2020-10-17T14:29:02.319] [DEBUG] cheese - null
[2020-10-17T17:17:28.935] [DEBUG] cheese - login => username:admin,password:123456
[2020-10-17T17:17:28.938] [DEBUG] cheese - admin
[2020-10-17T17:17:28.972] [DEBUG] cheese - null
[2020-10-17T17:17:28.973] [DEBUG] cheese - null
[2020-10-17T17:51:51.246] [DEBUG] cheese - login => username:admin,password:123456
[2020-10-17T17:51:51.248] [DEBUG] cheese - admin
[2020-10-17T17:51:51.261] [DEBUG] cheese - null
[2020-10-17T17:51:51.261] [DEBUG] cheese - null
[2020-10-18T14:13:27.218] [DEBUG] cheese - login => username:admin,password:123456
[2020-10-18T14:13:27.225] [DEBUG] cheese - admin
[2020-10-18T14:13:27.297] [DEBUG] cheese - null
[2020-10-18T14:13:27.300] [DEBUG] cheese - null
[2020-10-18T14:21:55.613] [DEBUG] cheese - login => username:admin,password:123456
[2020-10-18T14:21:55.613] [DEBUG] cheese - admin
[2020-10-18T14:21:55.617] [DEBUG] cheese - null
[2020-10-18T14:21:55.618] [DEBUG] cheese - null
[2020-10-20T16:44:20.165] [DEBUG] cheese - null
[2020-10-20T16:44:22.902] [DEBUG] cheese - null
[2020-10-20T16:44:30.706] [DEBUG] cheese - null
[2020-10-29T16:04:21.698] [DEBUG] cheese - login => username:admin,password:123456
[2020-10-29T16:04:21.700] [DEBUG] cheese - admin
[2020-10-29T16:04:21.725] [DEBUG] cheese - null
[2020-10-29T16:04:21.726] [DEBUG] cheese - null
[2020-11-01T14:24:03.567] [DEBUG] cheese - login => username:admin,password:123456
[2020-11-01T14:24:03.575] [DEBUG] cheese - admin
[2020-11-01T14:24:03.666] [DEBUG] cheese - null
[2020-11-01T14:24:03.667] [DEBUG] cheese - null
[2020-11-01T15:11:42.645] [DEBUG] cheese - null
[2020-11-02T17:53:25.150] [DEBUG] cheese - login => username:admin,password:123456
[2020-11-02T17:53:25.159] [DEBUG] cheese - admin
[2020-11-02T17:53:25.211] [DEBUG] cheese - null
[2020-11-02T17:53:25.212] [DEBUG] cheese - null
[2020-11-02T18:14:41.661] [DEBUG] cheese - login => username:admin,password:123456
[2020-11-02T18:14:41.662] [DEBUG] cheese - admin
[2020-11-02T18:14:41.679] [DEBUG] cheese - null
[2020-11-02T18:14:41.679] [DEBUG] cheese - null
[2020-11-03T08:19:01.730] [DEBUG] cheese - login => username:admin,password:123456
[2020-11-03T08:19:01.737] [DEBUG] cheese - admin
[2020-11-03T08:19:01.807] [DEBUG] cheese - null
[2020-11-03T08:19:01.811] [DEBUG] cheese - null
[2020-11-03T08:56:01.998] [DEBUG] cheese - login => username:admin,password:123456
[2020-11-03T08:56:01.999] [DEBUG] cheese - admin
[2020-11-03T08:56:02.012] [DEBUG] cheese - null
[2020-11-03T08:56:02.012] [DEBUG] cheese - null
[2020-11-03T11:09:44.212] [DEBUG] cheese - login => username:admin,password:123456
[2020-11-03T11:09:44.213] [DEBUG] cheese - admin
[2020-11-03T11:09:44.219] [DEBUG] cheese - null
[2020-11-03T11:09:44.219] [DEBUG] cheese - null
[2020-11-03T16:07:39.415] [DEBUG] cheese - login => username:admin,password:123456
[2020-11-03T16:07:39.422] [DEBUG] cheese - admin
[2020-11-03T16:07:39.461] [DEBUG] cheese - null
[2020-11-03T16:07:39.463] [DEBUG] cheese - null
[2020-11-04T09:30:53.672] [DEBUG] cheese - login => username:admin,password:123456
[2020-11-04T09:30:53.679] [DEBUG] cheese - admin
[2020-11-04T09:30:53.770] [DEBUG] cheese - null
[2020-11-04T09:30:53.773] [DEBUG] cheese - null
[2020-11-04T11:19:51.600] [DEBUG] cheese - login => username:admin,password:123456
[2020-11-04T11:19:51.600] [DEBUG] cheese - admin
[2020-11-04T11:19:51.605] [DEBUG] cheese - null
[2020-11-04T11:19:51.605] [DEBUG] cheese - null
[2020-11-04T11:51:32.179] [DEBUG] cheese - login => username:admin,password:123456
[2020-11-04T11:51:32.179] [DEBUG] cheese - admin
[2020-11-04T11:51:32.187] [DEBUG] cheese - null
[2020-11-04T11:51:32.187] [DEBUG] cheese - null
[2020-11-04T18:53:52.193] [DEBUG] cheese - null
[2020-11-04T19:27:12.654] [DEBUG] cheese - login => username:admin,password:123456
[2020-11-04T19:27:12.654] [DEBUG] cheese - admin
[2020-11-04T19:27:12.659] [DEBUG] cheese - null
[2020-11-04T19:27:12.660] [DEBUG] cheese - null
[2020-11-04T19:53:33.804] [DEBUG] cheese - login => username:admin,password:123456
[2020-11-04T19:53:33.805] [DEBUG] cheese - admin
[2020-11-04T19:53:33.817] [DEBUG] cheese - null
[2020-11-04T19:53:33.818] [DEBUG] cheese - null
[2020-11-04T19:56:12.664] [DEBUG] cheese - login => username:admin,password:123456
[2020-11-04T19:56:12.664] [DEBUG] cheese - admin
[2020-11-04T19:56:12.667] [DEBUG] cheese - null
[2020-11-04T19:56:12.667] [DEBUG] cheese - null
[2020-11-04T20:25:57.459] [DEBUG] cheese - login => username:admin,password:123456
[2020-11-04T20:25:57.459] [DEBUG] cheese - admin
[2020-11-04T20:25:57.463] [DEBUG] cheese - null
[2020-11-04T20:25:57.463] [DEBUG] cheese - null
[2020-11-04T20:55:11.983] [DEBUG] cheese - login => username:admin,password:123456
[2020-11-04T20:55:11.983] [DEBUG] cheese - admin
[2020-11-04T20:55:11.985] [DEBUG] cheese - null
[2020-11-04T20:55:11.985] [DEBUG] cheese - null
[2020-11-05T08:08:32.489] [DEBUG] cheese - login => username:admin,password:123456
[2020-11-05T08:08:32.496] [DEBUG] cheese - admin
[2020-11-05T08:08:32.557] [DEBUG] cheese - null
[2020-11-05T08:08:32.560] [DEBUG] cheese - null
[2020-11-05T10:36:07.001] [DEBUG] cheese - login => username:admin,password:123456
[2020-11-05T10:36:07.002] [DEBUG] cheese - admin
[2020-11-05T10:36:07.018] [DEBUG] cheese - null
[2020-11-05T10:36:07.018] [DEBUG] cheese - null
[2020-11-05T10:48:33.488] [DEBUG] cheese - login => username:admin,password:123456
[2020-11-05T10:48:33.489] [DEBUG] cheese - admin
[2020-11-05T10:48:33.495] [DEBUG] cheese - null
[2020-11-05T10:48:33.495] [DEBUG] cheese - null
[2020-11-05T11:18:16.864] [DEBUG] cheese - login => username:admin,password:123456
[2020-11-05T11:18:16.864] [DEBUG] cheese - admin
[2020-11-05T11:18:16.866] [DEBUG] cheese - null
[2020-11-05T11:18:16.866] [DEBUG] cheese - null
[2020-11-05T11:35:45.723] [DEBUG] cheese - login => username:admin,password:123456
[2020-11-05T11:35:45.723] [DEBUG] cheese - admin
[2020-11-05T11:35:45.726] [DEBUG] cheese - null
[2020-11-05T11:35:45.726] [DEBUG] cheese - null
[2020-11-05T14:16:19.028] [DEBUG] cheese - login => username:admin,password:123456
[2020-11-05T14:16:19.028] [DEBUG] cheese - admin
[2020-11-05T14:16:19.031] [DEBUG] cheese - null
[2020-11-05T14:16:19.031] [DEBUG] cheese - null
[2020-11-05T14:36:39.151] [DEBUG] cheese - login => username:admin,password:123456
[2020-11-05T14:36:39.151] [DEBUG] cheese - admin
[2020-11-05T14:36:39.154] [DEBUG] cheese - null
[2020-11-05T14:36:39.155] [DEBUG] cheese - null
[2020-11-05T15:15:36.406] [DEBUG] cheese - login => username:admin,password:123456
[2020-11-05T15:15:36.407] [DEBUG] cheese - admin
[2020-11-05T15:15:36.411] [DEBUG] cheese - null
[2020-11-05T15:15:36.412] [DEBUG] cheese - null
[2020-11-05T15:46:50.704] [DEBUG] cheese - login => username:admin,password:123456
[2020-11-05T15:46:50.704] [DEBUG] cheese - admin
[2020-11-05T15:46:50.709] [DEBUG] cheese - null
[2020-11-05T15:46:50.710] [DEBUG] cheese - null
[2020-11-05T17:25:37.324] [DEBUG] cheese - null
[2020-11-07T09:32:39.399] [DEBUG] cheese - login => username:admin,password:123456
[2020-11-07T09:32:39.401] [DEBUG] cheese - admin
[2020-11-07T09:32:39.436] [DEBUG] cheese - null
[2020-11-07T09:32:39.437] [DEBUG] cheese - null
[2020-11-07T12:09:07.315] [DEBUG] cheese - login => username:admin,password:123456
[2020-11-07T12:09:07.316] [DEBUG] cheese - admin
[2020-11-07T12:09:07.326] [DEBUG] cheese - null
[2020-11-07T12:09:07.326] [DEBUG] cheese - null
[2020-11-07T13:06:37.200] [DEBUG] cheese - login => username:admin,password:123456
[2020-11-07T13:06:37.202] [DEBUG] cheese - admin
[2020-11-07T13:06:37.220] [DEBUG] cheese - null
[2020-11-07T13:06:37.220] [DEBUG] cheese - null
[2020-11-08T09:14:48.647] [DEBUG] cheese - login => username:admin,password:123456
[2020-11-08T09:14:50.423] [DEBUG] cheese - admin
[2020-11-08T09:14:50.501] [DEBUG] cheese - null
[2020-11-08T09:14:50.504] [DEBUG] cheese - null
[2020-11-08T12:02:48.171] [DEBUG] cheese - login => username:admin,password:123456
[2020-11-08T12:02:48.173] [DEBUG] cheese - admin
[2020-11-08T12:02:48.190] [DEBUG] cheese - null
[2020-11-08T12:02:48.190] [DEBUG] cheese - null
[2020-11-08T12:03:36.555] [DEBUG] cheese - login => username:admin,password:123456
[2020-11-08T12:03:36.555] [DEBUG] cheese - admin
[2020-11-08T12:03:36.557] [DEBUG] cheese - null
[2020-11-08T12:03:36.557] [DEBUG] cheese - null
[2020-11-08T12:08:43.388] [DEBUG] cheese - login => username:admin,password:123456
[2020-11-08T12:08:43.388] [DEBUG] cheese - admin
[2020-11-08T12:08:43.399] [DEBUG] cheese - null
[2020-11-08T12:08:43.400] [DEBUG] cheese - null
[2020-11-08T14:13:47.950] [DEBUG] cheese - login => username:admin,password:123456
[2020-11-08T14:13:47.951] [DEBUG] cheese - admin
[2020-11-08T14:13:47.960] [DEBUG] cheese - null
[2020-11-08T14:13:47.960] [DEBUG] cheese - null
[2020-11-08T14:18:03.988] [DEBUG] cheese - login => username:admin,password:123456
[2020-11-08T14:18:03.988] [DEBUG] cheese - admin
[2020-11-08T14:18:03.991] [DEBUG] cheese - null
[2020-11-08T14:18:03.991] [DEBUG] cheese - null
[2020-11-08T14:35:37.939] [DEBUG] cheese - login => username:admin,password:123456
[2020-11-08T14:35:37.939] [DEBUG] cheese - admin
[2020-11-08T14:35:37.947] [DEBUG] cheese - null
[2020-11-08T14:35:37.947] [DEBUG] cheese - null
[2020-11-08T14:44:35.628] [DEBUG] cheese - login => username:admin,password:123456
[2020-11-08T14:44:35.629] [DEBUG] cheese - admin
[2020-11-08T14:44:35.638] [DEBUG] cheese - null
[2020-11-08T14:44:35.638] [DEBUG] cheese - null
[2020-11-08T14:59:39.403] [DEBUG] cheese - login => username:admin,password:123456
[2020-11-08T14:59:39.403] [DEBUG] cheese - admin
[2020-11-08T14:59:39.406] [DEBUG] cheese - null
[2020-11-08T14:59:39.406] [DEBUG] cheese - null
[2020-11-08T15:10:13.548] [DEBUG] cheese - login => username:admin,password:123456
[2020-11-08T15:10:13.549] [DEBUG] cheese - admin
[2020-11-08T15:10:13.560] [DEBUG] cheese - null
[2020-11-08T15:10:13.560] [DEBUG] cheese - null
[2020-11-08T16:08:22.529] [DEBUG] cheese - login => username:admin,password:123456
[2020-11-08T16:08:22.530] [DEBUG] cheese - admin
[2020-11-08T16:08:22.544] [DEBUG] cheese - null
[2020-11-08T16:08:22.544] [DEBUG] cheese - null
[2020-11-09T08:49:43.996] [DEBUG] cheese - login => username:admin,password:123456
[2020-11-09T08:49:44.002] [DEBUG] cheese - admin
[2020-11-09T08:49:44.044] [DEBUG] cheese - null
[2020-11-09T08:49:44.047] [DEBUG] cheese - null
[2020-11-09T11:57:59.039] [DEBUG] cheese - login => username:admin,password:123456
[2020-11-09T11:57:59.039] [DEBUG] cheese - admin
[2020-11-09T11:57:59.057] [DEBUG] cheese - null
[2020-11-09T11:57:59.058] [DEBUG] cheese - null
[2020-11-09T14:27:22.383] [DEBUG] cheese - login => username:admin,password:123456
[2020-11-09T14:27:22.387] [DEBUG] cheese - admin
[2020-11-09T14:27:22.404] [DEBUG] cheese - null
[2020-11-09T14:27:22.405] [DEBUG] cheese - null
[2020-11-09T14:54:19.418] [DEBUG] cheese - login => username:admin,password:123456
[2020-11-09T14:54:19.420] [DEBUG] cheese - admin
[2020-11-09T14:54:19.427] [DEBUG] cheese - null
[2020-11-09T14:54:19.427] [DEBUG] cheese - null
[2020-11-09T14:55:34.875] [DEBUG] cheese - null
[2020-11-09T14:56:14.967] [DEBUG] cheese - null
[2020-11-09T15:38:15.540] [DEBUG] cheese - login => username:admin,password:123456
[2020-11-09T15:38:15.540] [DEBUG] cheese - admin
[2020-11-09T15:38:15.547] [DEBUG] cheese - null
[2020-11-09T15:38:15.547] [DEBUG] cheese - null
[2020-11-09T17:39:16.917] [DEBUG] cheese - login => username:admin,password:123456
[2020-11-09T17:39:16.918] [DEBUG] cheese - admin
[2020-11-09T17:39:16.935] [DEBUG] cheese - null
[2020-11-09T17:39:16.936] [DEBUG] cheese - null
[2020-11-10T08:41:15.557] [DEBUG] cheese - login => username:admin,password:123456
[2020-11-10T08:41:15.561] [DEBUG] cheese - admin
[2020-11-10T08:41:15.601] [DEBUG] cheese - null
[2020-11-10T08:41:15.603] [DEBUG] cheese - null
[2020-11-10T09:20:39.824] [DEBUG] cheese - login => username:admin,password:123456
[2020-11-10T09:20:39.825] [DEBUG] cheese - admin
[2020-11-10T09:20:39.840] [DEBUG] cheese - null
[2020-11-10T09:20:39.840] [DEBUG] cheese - null
[2020-11-10T09:38:28.058] [DEBUG] cheese - login => username:admin,password:123456
[2020-11-10T09:38:28.058] [DEBUG] cheese - admin
[2020-11-10T09:38:28.061] [DEBUG] cheese - null
[2020-11-10T09:38:28.061] [DEBUG] cheese - null
[2020-11-10T16:04:43.711] [DEBUG] cheese - null
[2020-11-10T16:06:56.915] [DEBUG] cheese - null
[2020-11-10T16:08:15.220] [DEBUG] cheese - null
[2020-11-10T16:11:52.028] [DEBUG] cheese - null
[2020-11-10T16:33:33.264] [DEBUG] cheese - null
[2020-11-11T08:07:57.481] [DEBUG] cheese - login => username:admin,password:123456
[2020-11-11T08:07:57.483] [DEBUG] cheese - admin
[2020-11-11T08:07:57.519] [DEBUG] cheese - null
[2020-11-11T08:07:57.520] [DEBUG] cheese - null
[2020-11-11T08:29:08.351] [DEBUG] cheese - null
[2020-11-11T08:33:08.763] [DEBUG] cheese - null
[2020-11-11T08:57:31.142] [DEBUG] cheese - null
[2020-11-11T18:15:54.819] [DEBUG] cheese - login => username:admin,password:123456
[2020-11-11T18:15:54.821] [DEBUG] cheese - admin
[2020-11-11T18:15:54.857] [DEBUG] cheese - null
[2020-11-11T18:15:54.859] [DEBUG] cheese - null
[2020-11-11T18:18:42.792] [DEBUG] cheese - null
[2020-11-11T18:23:08.828] [DEBUG] cheese - null
[2020-11-11T18:23:38.419] [DEBUG] cheese - null
[2020-11-11T18:24:07.698] [DEBUG] cheese - null
[2020-11-11T18:24:24.236] [DEBUG] cheese - null
[2020-11-11T18:24:50.840] [DEBUG] cheese - null
[2020-11-11T18:28:04.795] [DEBUG] cheese - login => username:admin,password:123456
[2020-11-11T18:28:04.795] [DEBUG] cheese - admin
[2020-11-11T18:28:04.801] [DEBUG] cheese - null
[2020-11-11T18:28:04.801] [DEBUG] cheese - null
[2020-11-11T18:36:48.450] [DEBUG] cheese - login => username:admin,password:123456
[2020-11-11T18:36:48.458] [DEBUG] cheese - admin
[2020-11-11T18:36:48.493] [DEBUG] cheese - null
[2020-11-11T18:36:48.494] [DEBUG] cheese - null
[2020-11-11T18:45:40.162] [DEBUG] cheese - login => username:admin,password:123456
[2020-11-11T18:45:40.163] [DEBUG] cheese - admin
[2020-11-11T18:45:40.173] [DEBUG] cheese - null
[2020-11-11T18:45:40.173] [DEBUG] cheese - null
[2020-11-11T19:53:11.058] [DEBUG] cheese - login => username:admin,password:123456
[2020-11-11T19:53:11.060] [DEBUG] cheese - admin
[2020-11-11T19:53:11.070] [DEBUG] cheese - null
[2020-11-11T19:53:11.070] [DEBUG] cheese - null
[2020-11-11T19:55:07.478] [DEBUG] cheese - login => username:admin,password:123456
[2020-11-11T19:55:07.485] [DEBUG] cheese - admin
[2020-11-11T19:55:07.525] [DEBUG] cheese - null
[2020-11-11T19:55:07.527] [DEBUG] cheese - null
[2020-11-11T19:57:38.498] [DEBUG] cheese - login => username:admin,password:123456
[2020-11-11T19:57:38.506] [DEBUG] cheese - admin
[2020-11-11T19:57:38.532] [DEBUG] cheese - null
[2020-11-11T19:57:38.533] [DEBUG] cheese - null
[2020-11-11T20:17:31.367] [DEBUG] cheese - login => username:admin,password:123456
[2020-11-11T20:17:31.375] [DEBUG] cheese - admin
[2020-11-11T20:17:31.391] [DEBUG] cheese - null
[2020-11-11T20:17:31.392] [DEBUG] cheese - null
[2020-11-11T20:34:45.687] [DEBUG] cheese - login => username:admin,password:123456
[2020-11-11T20:34:45.687] [DEBUG] cheese - admin
[2020-11-11T20:34:45.702] [DEBUG] cheese - null
[2020-11-11T20:34:45.703] [DEBUG] cheese - null
[2020-11-11T20:35:28.988] [DEBUG] cheese - login => username:admin,password:123456
[2020-11-11T20:35:28.989] [DEBUG] cheese - admin
[2020-11-11T20:35:28.993] [DEBUG] cheese - null
[2020-11-11T20:35:28.994] [DEBUG] cheese - null
[2020-11-12T08:32:09.955] [DEBUG] cheese - login => username:admin,password:123456
[2020-11-12T08:32:10.662] [DEBUG] cheese - admin
[2020-11-12T08:32:10.736] [DEBUG] cheese - null
[2020-11-12T08:32:10.739] [DEBUG] cheese - null
[2020-11-12T10:57:46.972] [DEBUG] cheese - null
[2020-11-12T11:07:10.043] [DEBUG] cheese - login => username:admin,password:123456
[2020-11-12T11:07:10.044] [DEBUG] cheese - admin
[2020-11-12T11:07:10.053] [DEBUG] cheese - null
[2020-11-12T11:07:10.054] [DEBUG] cheese - null
[2020-11-12T11:15:53.611] [DEBUG] cheese - login => username:admin,password:123456
[2020-11-12T11:15:53.611] [DEBUG] cheese - admin
[2020-11-12T11:15:53.616] [DEBUG] cheese - null
[2020-11-12T11:15:53.616] [DEBUG] cheese - null
[2020-11-12T11:28:37.356] [DEBUG] cheese - login => username:admin,password:123456
[2020-11-12T11:28:37.356] [DEBUG] cheese - admin
[2020-11-12T11:28:37.358] [DEBUG] cheese - null
[2020-11-12T11:28:37.358] [DEBUG] cheese - null
[2020-11-12T11:29:32.905] [DEBUG] cheese - login => username:admin,password:123456
[2020-11-12T11:29:32.905] [DEBUG] cheese - admin
[2020-11-12T11:29:32.907] [DEBUG] cheese - null
[2020-11-12T11:29:32.907] [DEBUG] cheese - null
[2020-11-12T16:16:52.023] [DEBUG] cheese - login => username:admin,password:123456
[2020-11-12T16:16:52.024] [DEBUG] cheese - admin
[2020-11-12T16:16:52.032] [DEBUG] cheese - null
[2020-11-12T16:16:52.033] [DEBUG] cheese - null
[2020-11-12T16:44:50.510] [DEBUG] cheese - login => username:admin,password:123456
[2020-11-12T16:44:50.510] [DEBUG] cheese - admin
[2020-11-12T16:44:50.515] [DEBUG] cheese - null
[2020-11-12T16:44:50.515] [DEBUG] cheese - null
[2020-11-12T16:50:50.716] [DEBUG] cheese - login => username:admin,password:123456
[2020-11-12T16:50:50.716] [DEBUG] cheese - admin
[2020-11-12T16:50:50.718] [DEBUG] cheese - null
[2020-11-12T16:50:50.718] [DEBUG] cheese - null
[2020-11-12T17:08:12.409] [DEBUG] cheese - login => username:admin,password:123456
[2020-11-12T17:08:12.409] [DEBUG] cheese - admin
[2020-11-12T17:08:12.412] [DEBUG] cheese - null
[2020-11-12T17:08:12.412] [DEBUG] cheese - null
[2020-11-12T17:27:29.218] [DEBUG] cheese - login => username:admin,password:123456
[2020-11-12T17:27:29.218] [DEBUG] cheese - admin
[2020-11-12T17:27:29.226] [DEBUG] cheese - null
[2020-11-12T17:27:29.227] [DEBUG] cheese - null
[2020-11-12T17:31:15.143] [DEBUG] cheese - login => username:admin,password:123456
[2020-11-12T17:31:15.144] [DEBUG] cheese - admin
[2020-11-12T17:31:15.153] [DEBUG] cheese - null
[2020-11-12T17:31:15.153] [DEBUG] cheese - null
[2020-11-12T17:32:31.172] [DEBUG] cheese - login => username:admin,password:123456
[2020-11-12T17:32:31.173] [DEBUG] cheese - admin
[2020-11-12T17:32:31.178] [DEBUG] cheese - null
[2020-11-12T17:32:31.178] [DEBUG] cheese - null
[2020-11-12T17:35:19.958] [DEBUG] cheese - login => username:admin,password:123456
[2020-11-12T17:35:19.958] [DEBUG] cheese - admin
[2020-11-12T17:35:19.962] [DEBUG] cheese - null
[2020-11-12T17:35:19.963] [DEBUG] cheese - null
[2020-11-12T17:35:55.542] [DEBUG] cheese - null
[2020-11-12T20:42:25.106] [DEBUG] cheese - login => username:admin ,password:123456
[2020-11-12T20:42:25.107] [DEBUG] cheese - admin 
[2020-11-12T20:42:25.114] [DEBUG] cheese - null
[2020-11-12T20:42:25.114] [DEBUG] cheese - null
[2020-11-12T20:46:13.300] [DEBUG] cheese - login => username:admin,password:123456
[2020-11-12T20:46:13.300] [DEBUG] cheese - admin
[2020-11-12T20:46:13.304] [DEBUG] cheese - null
[2020-11-12T20:46:13.304] [DEBUG] cheese - null
[2020-11-12T20:52:52.369] [DEBUG] cheese - login => username:admin,password:123456
[2020-11-12T20:52:52.369] [DEBUG] cheese - admin
[2020-11-12T20:52:52.372] [DEBUG] cheese - null
[2020-11-12T20:52:52.373] [DEBUG] cheese - null
[2020-11-12T21:03:10.155] [DEBUG] cheese - null
[2020-11-12T21:03:12.389] [DEBUG] cheese - null
[2020-11-12T21:09:07.478] [DEBUG] cheese - null
[2020-11-12T21:09:20.435] [DEBUG] cheese - null
[2020-11-12T21:09:31.686] [DEBUG] cheese - null
[2020-11-12T21:10:44.512] [DEBUG] cheese - null
[2020-11-12T21:11:58.625] [DEBUG] cheese - login => username:admin,password:123456
[2020-11-12T21:11:58.625] [DEBUG] cheese - admin
[2020-11-12T21:11:58.642] [DEBUG] cheese - null
[2020-11-12T21:11:58.642] [DEBUG] cheese - null
[2020-11-12T21:17:30.500] [DEBUG] cheese - login => username:admin,password:123456
[2020-11-12T21:17:30.500] [DEBUG] cheese - admin
[2020-11-12T21:17:30.506] [DEBUG] cheese - null
[2020-11-12T21:17:30.507] [DEBUG] cheese - null
[2020-11-12T21:39:37.335] [DEBUG] cheese - login => username:admin,password:123456
[2020-11-12T21:39:37.336] [DEBUG] cheese - admin
[2020-11-12T21:39:37.346] [DEBUG] cheese - null
[2020-11-12T21:39:37.347] [DEBUG] cheese - null
[2020-11-14T17:13:16.525] [DEBUG] cheese - login => username:admin,password:123456
[2020-11-14T17:13:16.527] [DEBUG] cheese - admin
[2020-11-14T17:13:16.548] [DEBUG] cheese - null
[2020-11-14T17:13:16.548] [DEBUG] cheese - null
[2020-11-14T17:19:20.850] [DEBUG] cheese - login => username:admin,password:123456
[2020-11-14T17:19:20.850] [DEBUG] cheese - admin
[2020-11-14T17:19:20.853] [DEBUG] cheese - null
[2020-11-14T17:19:20.854] [DEBUG] cheese - null
